<?xml version="1.0" encoding="UTF-8"?>
<!-- Generated by org.testng.reporters.JUnitReportReporter -->
<testsuite skipped="0" hostname="Manjunath-PC" name="pages.circles.life.FbWebTest" tests="2" failures="0" timestamp="06 Jul 2018 08:37:15 GMT" time="19.345" errors="0">
  <testcase name="postComment" time="10.851" classname="pages.circles.life.FbWebTest"/>
  <testcase name="login" time="8.494" classname="pages.circles.life.FbWebTest"/>
</testsuite> <!-- pages.circles.life.FbWebTest -->
