<?xml version="1.0" encoding="UTF-8"?>
<!-- Generated by org.testng.reporters.JUnitReportReporter -->
<testsuite skipped="0" hostname="Manjunath-PC" name="pages.circles.life.CirclesTestCaller" tests="2" failures="0" timestamp="06 Jul 2018 10:38:32 GMT" time="16.397" errors="0">
  <testcase name="verifyEmail" time="3.149" classname="pages.circles.life.CirclesTestCaller"/>
  <testcase name="login" time="13.248" classname="pages.circles.life.CirclesTestCaller"/>
</testsuite> <!-- pages.circles.life.CirclesTestCaller -->
