<?xml version="1.0" encoding="UTF-8"?>
<!-- Generated by org.testng.reporters.JUnitReportReporter -->
<testsuite skipped="0" hostname="Manjunath-PC" name="pages.circles.life.CirclesTestCaller" tests="2" failures="0" timestamp="06 Jul 2018 11:56:31 GMT" time="11.037" errors="0">
  <testcase name="login" time="9.119" classname="pages.circles.life.CirclesTestCaller"/>
  <testcase name="verifyEmail" time="1.918" classname="pages.circles.life.CirclesTestCaller"/>
</testsuite> <!-- pages.circles.life.CirclesTestCaller -->
